  game.cc
C:\Users\maste\source\repos\PF Assignment 2\PF Assignment 2\game.cc(22,52): warning C4244: 'argument': conversion from 'huge_uint' to 'unsigned int', possible loss of data
C:\Users\maste\source\repos\PF Assignment 2\PF Assignment 2\game.cc(153,30): warning C4018: '<': signed/unsigned mismatch
C:\Program Files\Microsoft Visual Studio\2022\Community\VC\Tools\MSVC\14.37.32822\include\type_traits(2464,49): error C2678: binary '<': no operator found which takes a left-hand operand of type 'const _Ty' (or there is no acceptable conversion)
          with
          [
              _Ty=ivector2
          ]
C:\Program Files\Microsoft Visual Studio\2022\Community\VC\Tools\MSVC\14.37.32822\include\thread(254,24): message : could be 'bool std::operator <(std::thread::id,std::thread::id) noexcept'
C:\Program Files\Microsoft Visual Studio\2022\Community\VC\Tools\MSVC\14.37.32822\include\vector(2310,30): message : or       'bool std::operator <(const std::vector<_Ty,_Alloc> &,const std::vector<_Ty,_Alloc> &)'
C:\Program Files\Microsoft Visual Studio\2022\Community\VC\Tools\MSVC\14.37.32822\include\type_traits(2464,49): message : 'bool std::operator <(const std::vector<_Ty,_Alloc> &,const std::vector<_Ty,_Alloc> &)': could not deduce template argument for 'const std::vector<_Ty,_Alloc> &' from 'const _Ty'
          with
          [
              _Ty=ivector2
          ]
C:\Program Files\Microsoft Visual Studio\2022\Community\VC\Tools\MSVC\14.37.32822\include\memory(3589,30): message : or       'bool std::operator <(std::nullptr_t,const std::unique_ptr<_Ty,_Dx> &)'
C:\Program Files\Microsoft Visual Studio\2022\Community\VC\Tools\MSVC\14.37.32822\include\type_traits(2464,49): message : 'bool std::operator <(std::nullptr_t,const std::unique_ptr<_Ty,_Dx> &)': could not deduce template argument for 'const std::unique_ptr<_Ty,_Dx> &' from 'const _Ty'
          with
          [
              _Ty=ivector2
          ]
C:\Program Files\Microsoft Visual Studio\2022\Community\VC\Tools\MSVC\14.37.32822\include\memory(3583,30): message : or       'bool std::operator <(const std::unique_ptr<_Ty,_Dx> &,std::nullptr_t)'
C:\Program Files\Microsoft Visual Studio\2022\Community\VC\Tools\MSVC\14.37.32822\include\type_traits(2464,49): message : 'bool std::operator <(const std::unique_ptr<_Ty,_Dx> &,std::nullptr_t)': could not deduce template argument for 'const std::unique_ptr<_Ty,_Dx> &' from 'const _Ty'
          with
          [
              _Ty=ivector2
          ]
C:\Program Files\Microsoft Visual Studio\2022\Community\VC\Tools\MSVC\14.37.32822\include\memory(3525,17): message : or       'bool std::operator <(const std::unique_ptr<_Ty,_Dx> &,const std::unique_ptr<_Ty2,_Dx2> &)'
C:\Program Files\Microsoft Visual Studio\2022\Community\VC\Tools\MSVC\14.37.32822\include\type_traits(2464,49): message : 'bool std::operator <(const std::unique_ptr<_Ty,_Dx> &,const std::unique_ptr<_Ty2,_Dx2> &)': could not deduce template argument for 'const std::unique_ptr<_Ty,_Dx> &' from 'const _Ty'
          with
          [
              _Ty=ivector2
          ]
C:\Program Files\Microsoft Visual Studio\2022\Community\VC\Tools\MSVC\14.37.32822\include\memory(1952,17): message : or       'bool std::operator <(std::nullptr_t,const std::shared_ptr<_Ty> &) noexcept'
C:\Program Files\Microsoft Visual Studio\2022\Community\VC\Tools\MSVC\14.37.32822\include\type_traits(2464,49): message : 'bool std::operator <(std::nullptr_t,const std::shared_ptr<_Ty> &) noexcept': could not deduce template argument for 'const std::shared_ptr<_Ty> &' from 'const _Ty'
          with
          [
              _Ty=ivector2
          ]
C:\Program Files\Microsoft Visual Studio\2022\Community\VC\Tools\MSVC\14.37.32822\include\memory(1947,17): message : or       'bool std::operator <(const std::shared_ptr<_Ty> &,std::nullptr_t) noexcept'
C:\Program Files\Microsoft Visual Studio\2022\Community\VC\Tools\MSVC\14.37.32822\include\type_traits(2464,49): message : 'bool std::operator <(const std::shared_ptr<_Ty> &,std::nullptr_t) noexcept': could not deduce template argument for 'const std::shared_ptr<_Ty> &' from 'const _Ty'
          with
          [
              _Ty=ivector2
          ]
C:\Program Files\Microsoft Visual Studio\2022\Community\VC\Tools\MSVC\14.37.32822\include\memory(1900,17): message : or       'bool std::operator <(const std::shared_ptr<_Ty> &,const std::shared_ptr<_Ty0> &) noexcept'
C:\Program Files\Microsoft Visual Studio\2022\Community\VC\Tools\MSVC\14.37.32822\include\type_traits(2464,49): message : 'bool std::operator <(const std::shared_ptr<_Ty> &,const std::shared_ptr<_Ty0> &) noexcept': could not deduce template argument for 'const std::shared_ptr<_Ty> &' from 'const _Ty'
          with
          [
              _Ty=ivector2
          ]
C:\Program Files\Microsoft Visual Studio\2022\Community\VC\Tools\MSVC\14.37.32822\include\xstring(5066,17): message : or       'bool std::operator <(const std::basic_string<_Elem,_Traits,_Alloc> &,const _Elem *const )'
C:\Program Files\Microsoft Visual Studio\2022\Community\VC\Tools\MSVC\14.37.32822\include\type_traits(2464,49): message : 'bool std::operator <(const std::basic_string<_Elem,_Traits,_Alloc> &,const _Elem *const )': could not deduce template argument for 'const std::basic_string<_Elem,_Traits,_Alloc> &' from 'const _Ty'
          with
          [
              _Ty=ivector2
          ]
C:\Program Files\Microsoft Visual Studio\2022\Community\VC\Tools\MSVC\14.37.32822\include\xstring(5061,17): message : or       'bool std::operator <(const _Elem *const ,const std::basic_string<_Elem,_Traits,_Alloc> &)'
C:\Program Files\Microsoft Visual Studio\2022\Community\VC\Tools\MSVC\14.37.32822\include\type_traits(2464,49): message : 'bool std::operator <(const _Elem *const ,const std::basic_string<_Elem,_Traits,_Alloc> &)': could not deduce template argument for 'const _Elem *const ' from 'const _Ty'
          with
          [
              _Ty=ivector2
          ]
C:\Program Files\Microsoft Visual Studio\2022\Community\VC\Tools\MSVC\14.37.32822\include\xstring(5055,17): message : or       'bool std::operator <(const std::basic_string<_Elem,_Traits,_Alloc> &,const std::basic_string<_Elem,_Traits,_Alloc> &) noexcept'
C:\Program Files\Microsoft Visual Studio\2022\Community\VC\Tools\MSVC\14.37.32822\include\type_traits(2464,49): message : 'bool std::operator <(const std::basic_string<_Elem,_Traits,_Alloc> &,const std::basic_string<_Elem,_Traits,_Alloc> &) noexcept': could not deduce template argument for 'const std::basic_string<_Elem,_Traits,_Alloc> &' from 'const _Ty'
          with
          [
              _Ty=ivector2
          ]
C:\Program Files\Microsoft Visual Studio\2022\Community\VC\Tools\MSVC\14.37.32822\include\map(657,17): message : or       'bool std::operator <(const std::multimap<_Kty,_Ty,_Pr,_Alloc> &,const std::multimap<_Kty,_Ty,_Pr,_Alloc> &)'
C:\Program Files\Microsoft Visual Studio\2022\Community\VC\Tools\MSVC\14.37.32822\include\type_traits(2464,49): message : 'bool std::operator <(const std::multimap<_Kty,_Ty,_Pr,_Alloc> &,const std::multimap<_Kty,_Ty,_Pr,_Alloc> &)': could not deduce template argument for 'const std::multimap<_Kty,_Ty,_Pr,_Alloc> &' from 'const _Ty'
          with
          [
              _Ty=ivector2
          ]
C:\Program Files\Microsoft Visual Studio\2022\Community\VC\Tools\MSVC\14.37.32822\include\map(422,17): message : or       'bool std::operator <(const std::map<_Kty,_Ty,_Pr,_Alloc> &,const std::map<_Kty,_Ty,_Pr,_Alloc> &)'
C:\Program Files\Microsoft Visual Studio\2022\Community\VC\Tools\MSVC\14.37.32822\include\type_traits(2464,49): message : 'bool std::operator <(const std::map<_Kty,_Ty,_Pr,_Alloc> &,const std::map<_Kty,_Ty,_Pr,_Alloc> &)': could not deduce template argument for 'const std::map<_Kty,_Ty,_Pr,_Alloc> &' from 'const _Ty'
          with
          [
              _Ty=ivector2
          ]
C:\Program Files\Microsoft Visual Studio\2022\Community\VC\Tools\MSVC\14.37.32822\include\xutility(4287,5): message : or       'bool std::operator <(const std::move_iterator<_Iter> &,const std::move_iterator<_Iter2> &) noexcept(<expr>)'
C:\Program Files\Microsoft Visual Studio\2022\Community\VC\Tools\MSVC\14.37.32822\include\type_traits(2464,49): message : 'bool std::operator <(const std::move_iterator<_Iter> &,const std::move_iterator<_Iter2> &) noexcept(<expr>)': could not deduce template argument for 'const std::move_iterator<_Iter> &' from 'const _Ty'
          with
          [
              _Ty=ivector2
          ]
C:\Program Files\Microsoft Visual Studio\2022\Community\VC\Tools\MSVC\14.37.32822\include\xutility(1686,5): message : or       'bool std::operator <(const std::reverse_iterator<_BidIt> &,const std::reverse_iterator<_BidIt2> &) noexcept(<expr>)'
C:\Program Files\Microsoft Visual Studio\2022\Community\VC\Tools\MSVC\14.37.32822\include\type_traits(2464,49): message : 'bool std::operator <(const std::reverse_iterator<_BidIt> &,const std::reverse_iterator<_BidIt2> &) noexcept(<expr>)': could not deduce template argument for 'const std::reverse_iterator<_BidIt> &' from 'const _Ty'
          with
          [
              _Ty=ivector2
          ]
C:\Program Files\Microsoft Visual Studio\2022\Community\VC\Tools\MSVC\14.37.32822\include\tuple(895,27): message : or       'bool std::operator <(const std::tuple<_Types...> &,const std::tuple<_Types...> &)'
C:\Program Files\Microsoft Visual Studio\2022\Community\VC\Tools\MSVC\14.37.32822\include\type_traits(2464,49): message : 'bool std::operator <(const std::tuple<_Types...> &,const std::tuple<_Types...> &)': could not deduce template argument for 'const std::tuple<_Types...> &' from 'const _Ty'
          with
          [
              _Ty=ivector2
          ]
C:\Program Files\Microsoft Visual Studio\2022\Community\VC\Tools\MSVC\14.37.32822\include\utility(505,27): message : or       'bool std::operator <(const std::pair<_Ty1,_Ty2> &,const std::pair<_Uty1,_Uty2> &)'
C:\Program Files\Microsoft Visual Studio\2022\Community\VC\Tools\MSVC\14.37.32822\include\type_traits(2464,49): message : 'bool std::operator <(const std::pair<_Ty1,_Ty2> &,const std::pair<_Uty1,_Uty2> &)': could not deduce template argument for 'const std::pair<_Ty1,_Ty2> &' from 'const _Ty'
          with
          [
              _Ty=ivector2
          ]
C:\Program Files\Microsoft Visual Studio\2022\Community\VC\Tools\MSVC\14.37.32822\include\type_traits(2464,49): message : while trying to match the argument list '(const _Ty, const _Ty)'
          with
          [
              _Ty=ivector2
          ]
C:\Program Files\Microsoft Visual Studio\2022\Community\VC\Tools\MSVC\14.37.32822\include\xtree(1617,17): message : see reference to function template instantiation 'bool std::_Debug_lt_pred<const std::less<ivector2>&,const _Kty&,const _Keyty&,0>(_Pr,_Ty1,_Ty2) noexcept(<expr>)' being compiled
          with
          [
              _Kty=ivector2,
              _Keyty=ivector2,
              _Pr=const std::less<ivector2> &,
              _Ty1=const ivector2 &,
              _Ty2=const ivector2 &
          ]
C:\Program Files\Microsoft Visual Studio\2022\Community\VC\Tools\MSVC\14.37.32822\include\xtree(1368,50): message : see reference to function template instantiation 'std::_Tree_find_result<std::_Tree_node<std::pair<const ivector2,cached_room *>,std::_Default_allocator_traits<_Alloc>::void_pointer> *> std::_Tree<std::_Tmap_traits<_Kty,_Ty,_Pr,_Alloc,false>>::_Find_lower_bound<_Other>(const _Keyty &) const' being compiled
          with
          [
              _Alloc=std::allocator<std::pair<const ivector2,cached_room *>>,
              _Kty=ivector2,
              _Ty=cached_room *,
              _Pr=std::less<ivector2>,
              _Other=ivector2,
              _Keyty=ivector2
          ]
C:\Program Files\Microsoft Visual Studio\2022\Community\VC\Tools\MSVC\14.37.32822\include\xtree(1378,25): message : see reference to function template instantiation 'std::_Tree_node<std::pair<const ivector2,cached_room *>,std::_Default_allocator_traits<_Alloc>::void_pointer> *std::_Tree<std::_Tmap_traits<_Kty,_Ty,_Pr,_Alloc,false>>::_Find<ivector2>(const _Other &) const' being compiled
          with
          [
              _Alloc=std::allocator<std::pair<const ivector2,cached_room *>>,
              _Kty=ivector2,
              _Ty=cached_room *,
              _Pr=std::less<ivector2>,
              _Other=ivector2
          ]
C:\Program Files\Microsoft Visual Studio\2022\Community\VC\Tools\MSVC\14.37.32822\include\xtree(1377,25): message : while compiling class template member function 'std::_Tree_iterator<std::_Tree_val<std::_Tree_simple_types<std::pair<const ivector2,cached_room *>>>> std::_Tree<std::_Tmap_traits<_Kty,_Ty,_Pr,_Alloc,false>>::find(const ivector2 &)'
          with
          [
              _Kty=ivector2,
              _Ty=cached_room *,
              _Pr=std::less<ivector2>,
              _Alloc=std::allocator<std::pair<const ivector2,cached_room *>>
          ]
C:\Users\maste\source\repos\PF Assignment 2\PF Assignment 2\game.cc(295,22): message : see the first reference to 'std::_Tree<std::_Tmap_traits<_Kty,_Ty,_Pr,_Alloc,false>>::find' in 'handle_door_transition'
          with
          [
              _Kty=ivector2,
              _Ty=cached_room *,
              _Pr=std::less<ivector2>,
              _Alloc=std::allocator<std::pair<const ivector2,cached_room *>>
          ]
C:\Program Files\Microsoft Visual Studio\2022\Community\VC\Tools\MSVC\14.37.32822\include\map(73,20): message : see reference to class template instantiation 'std::_Tree<std::_Tmap_traits<_Kty,_Ty,_Pr,_Alloc,false>>' being compiled
          with
          [
              _Kty=ivector2,
              _Ty=cached_room *,
              _Pr=std::less<ivector2>,
              _Alloc=std::allocator<std::pair<const ivector2,cached_room *>>
          ]
C:\Users\maste\source\repos\PF Assignment 2\PF Assignment 2\game.cc(24,30): message : see reference to class template instantiation 'std::map<ivector2,cached_room *,std::less<ivector2>,std::allocator<std::pair<const ivector2,cached_room *>>>' being compiled
  room.cc
  Generating Code...
